Building DAG of jobs...
Using shell: /bin/bash
Provided cores: 8
Rules claiming more threads will be scaled down.
Job stats:
job        count    min threads    max threads
-------  -------  -------------  -------------
bwa_map        1              1              1
total          1              1              1

Select jobs to execute...

[Wed Mar  2 11:18:24 2022]
rule bwa_map:
    input: data/genome.fa, data/samples/A.fastq
    output: mapped_reads/A.bam
    jobid: 0
    resources: tmpdir=/tmp

[Wed Mar  2 11:18:25 2022]
Finished job 0.
1 of 1 steps (100%) done
Complete log: /homes/jdejong/dataprocessing/WC02/.snakemake/log/2022-03-02T111824.105881.snakemake.log
