Building DAG of jobs...
Using shell: /bin/bash
Provided cores: 8
Rules claiming more threads will be scaled down.
Job stats:
job                count    min threads    max threads
---------------  -------  -------------  -------------
all                    1              1              1
collate_outputs        1              1              1
total                  2              1              1

Select jobs to execute...

[Wed Mar  2 11:05:16 2022]
rule collate_outputs:
    input: results/Sample1.txt, results/Sample2.txt, results/Sample3.txt
    output: test.txt
    jobid: 1
    resources: tmpdir=/tmp

[Wed Mar  2 11:05:17 2022]
Finished job 1.
1 of 2 steps (50%) done
Select jobs to execute...

[Wed Mar  2 11:05:17 2022]
localrule all:
    input: test.txt
    jobid: 0
    resources: tmpdir=/tmp

[Wed Mar  2 11:05:17 2022]
Finished job 0.
2 of 2 steps (100%) done
Complete log: /homes/jdejong/dataprocessing/WC01/.snakemake/log/2022-03-02T110516.246440.snakemake.log
