Building DAG of jobs...
Using shell: /bin/bash
Provided cores: 8
Rules claiming more threads will be scaled down.
Job stats:
job               count    min threads    max threads
--------------  -------  -------------  -------------
all                   1              1              1
quantify_genes        2              1              1
total                 3              1              1

Select jobs to execute...

[Thu Feb 17 11:05:08 2022]
rule quantify_genes:
    input: data/genome.fa, data/Sample2.R1.fastq.gz, data/Sample2.R2.fastq.gz
    output: results/Sample2.txt
    jobid: 2
    wildcards: sample=Sample2
    resources: tmpdir=/tmp


[Thu Feb 17 11:05:08 2022]
rule quantify_genes:
    input: data/genome.fa, data/Sample1.R1.fastq.gz, data/Sample1.R2.fastq.gz
    output: results/Sample1.txt
    jobid: 1
    wildcards: sample=Sample1
    resources: tmpdir=/tmp

[Thu Feb 17 11:05:08 2022]
Finished job 2.
1 of 3 steps (33%) done
[Thu Feb 17 11:05:08 2022]
Finished job 1.
2 of 3 steps (67%) done
Select jobs to execute...

[Thu Feb 17 11:05:08 2022]
localrule all:
    input: results/Sample1.txt, results/Sample2.txt
    jobid: 0
    resources: tmpdir=/tmp

[Thu Feb 17 11:05:08 2022]
Finished job 0.
3 of 3 steps (100%) done
Complete log: /homes/jdejong/dataprocessing/snakemake-test/.snakemake/log/2022-02-17T110508.126047.snakemake.log
