Building DAG of jobs...
Using shell: /bin/bash
Provided cores: 8
Rules claiming more threads will be scaled down.
Job stats:
job                count    min threads    max threads
---------------  -------  -------------  -------------
collect_samples        1              1              1
quantify_genes         3              1              1
total                  4              1              1

Select jobs to execute...

[Thu Feb 17 11:56:45 2022]
rule quantify_genes:
    input: data/genome.fa, data/Sample2.R1.fastq.gz, data/Sample2.R2.fastq.gz, data/Sample2.R3.fastq.gz
    output: results/Sample2.txt
    jobid: 2
    wildcards: sample=Sample2
    resources: tmpdir=/tmp


[Thu Feb 17 11:56:45 2022]
rule quantify_genes:
    input: data/genome.fa, data/Sample1.R1.fastq.gz, data/Sample1.R2.fastq.gz, data/Sample1.R3.fastq.gz
    output: results/Sample1.txt
    jobid: 1
    wildcards: sample=Sample1
    resources: tmpdir=/tmp


[Thu Feb 17 11:56:45 2022]
rule quantify_genes:
    input: data/genome.fa, data/Sample3.R1.fastq.gz, data/Sample3.R2.fastq.gz, data/Sample3.R3.fastq.gz
    output: results/Sample3.txt
    jobid: 3
    wildcards: sample=Sample3
    resources: tmpdir=/tmp

[Thu Feb 17 11:56:45 2022]
Finished job 2.
1 of 4 steps (25%) done
[Thu Feb 17 11:56:45 2022]
Finished job 1.
2 of 4 steps (50%) done
[Thu Feb 17 11:56:45 2022]
Finished job 3.
3 of 4 steps (75%) done
Select jobs to execute...

[Thu Feb 17 11:56:45 2022]
rule collect_samples:
    input: results/Sample1.txt, results/Sample2.txt, results/Sample3.txt
    output: results/test.txt
    jobid: 0
    resources: tmpdir=/tmp

Shutting down, this might take some time.
Exiting because a job execution failed. Look above for error message
Complete log: /homes/jdejong/dataprocessing/WC01/.snakemake/log/2022-02-17T115645.442954.snakemake.log
