Building DAG of jobs...
Using shell: /bin/bash
Provided cores: 8
Rules claiming more threads will be scaled down.
Job stats:
job      count    min threads    max threads
-----  -------  -------------  -------------
clean        1              1              1
total        1              1              1

Select jobs to execute...

[Thu Feb 17 10:56:41 2022]
rule clean:
    jobid: 0
    resources: tmpdir=/tmp

[Thu Feb 17 10:56:41 2022]
Error in rule clean:
    jobid: 0
    shell:
        rm *.txt
        (one of the commands exited with non-zero exit code; note that snakemake uses bash strict mode!)

Shutting down, this might take some time.
Exiting because a job execution failed. Look above for error message
Complete log: /homes/jdejong/dataprocessing/snakemake-test/.snakemake/log/2022-02-17T105640.909794.snakemake.log
